<?xml version="1.0" encoding="UTF-8"?>
<!-- Generated by org.testng.reporters.JUnitReportReporter -->
<testsuite hostname="DESKTOP-C157UR7" failures="0" tests="1" name="com.test.LoginTest" time="11.889" errors="0" timestamp="2023-09-23T15:04:51 IST" skipped="0">
  <testcase classname="com.test.LoginTest" name="loginTestPositive" time="11.889"/>
</testsuite> <!-- com.test.LoginTest -->
