<?xml version="1.0" encoding="UTF-8"?>
<!-- Generated by org.testng.reporters.JUnitReportReporter -->
<testsuite hostname="DESKTOP-C157UR7" failures="0" tests="1" name="com.test.LoginTest" time="14.069" errors="0" timestamp="2023-09-24T14:54:45 IST" skipped="0">
  <testcase classname="com.test.LoginTest" name="loginTestPositive" time="14.069"/>
</testsuite> <!-- com.test.LoginTest -->
